# JRE version: Java(TM) SE Runtime Environment (8.0_191-b12) (build 1.8.0_191-b12)
# Java VM: Java HotSpot(TM) 64-Bit Server VM (25.191-b12 mixed mode windows-amd64 compressed oops)
Heap:
 PSYoungGen      total 189952K, used 146497K [0x0000000780980000, 0x000000078d180000, 0x00000007c0000000)
  eden space 175104K, 83% used [0x0000000780980000,0x00000007898904b8,0x000000078b480000)
  from space 14848K, 0% used [0x000000078b480000,0x000000078b480000,0x000000078c300000)
  to   space 14848K, 0% used [0x000000078c300000,0x000000078c300000,0x000000078d180000)
 ParOldGen       total 106496K, used 24686K [0x0000000701c00000, 0x0000000708400000, 0x0000000780980000)
  object space 106496K, 23% used [0x0000000701c00000,0x000000070341b830,0x0000000708400000)
 Metaspace       used 47097K, capacity 49937K, committed 50176K, reserved 1093632K
  class space    used 6393K, capacity 6907K, committed 6912K, reserved 1048576K
GC Heap History (10 events):
Event: 473.825 GC heap before
{Heap before GC invocations=17 (full 4):
 PSYoungGen      total 189440K, used 3552K [0x0000000780980000, 0x000000078d280000, 0x00000007c0000000)
  eden space 174592K, 0% used [0x0000000780980000,0x0000000780980000,0x000000078b400000)
  from space 14848K, 23% used [0x000000078b400000,0x000000078b778000,0x000000078c280000)
  to   space 15360K, 0% used [0x000000078c380000,0x000000078c380000,0x000000078d280000)
 ParOldGen       total 106496K, used 22401K [0x0000000701c00000, 0x0000000708400000, 0x0000000780980000)
  object space 106496K, 21% used [0x0000000701c00000,0x00000007031e0410,0x0000000708400000)
 Metaspace       used 46266K, capacity 48751K, committed 49024K, reserved 1091584K
  class space    used 6287K, capacity 6747K, committed 6784K, reserved 1048576K
Event: 474.010 GC heap after
Heap after GC invocations=17 (full 4):
 PSYoungGen      total 189440K, used 0K [0x0000000780980000, 0x000000078d280000, 0x00000007c0000000)
  eden space 174592K, 0% used [0x0000000780980000,0x0000000780980000,0x000000078b400000)
  from space 14848K, 0% used [0x000000078b400000,0x000000078b400000,0x000000078c280000)
  to   space 15360K, 0% used [0x000000078c380000,0x000000078c380000,0x000000078d280000)
 ParOldGen       total 106496K, used 22706K [0x0000000701c00000, 0x0000000708400000, 0x0000000780980000)
  object space 106496K, 21% used [0x0000000701c00000,0x000000070322c9d8,0x0000000708400000)
 Metaspace       used 46252K, capacity 48727K, committed 49024K, reserved 1091584K
  class space    used 6285K, capacity 6742K, committed 6784K, reserved 1048576K
}
Event: 499.537 GC heap before
{Heap before GC invocations=18 (full 4):
 PSYoungGen      total 189440K, used 160246K [0x0000000780980000, 0x000000078d280000, 0x00000007c0000000)
  eden space 174592K, 91% used [0x0000000780980000,0x000000078a5fdae0,0x000000078b400000)
  from space 14848K, 0% used [0x000000078b400000,0x000000078b400000,0x000000078c280000)
  to   space 15360K, 0% used [0x000000078c380000,0x000000078c380000,0x000000078d280000)
 ParOldGen       total 106496K, used 22706K [0x0000000701c00000, 0x0000000708400000, 0x0000000780980000)
  object space 106496K, 21% used [0x0000000701c00000,0x000000070322c9d8,0x0000000708400000)
 Metaspace       used 46575K, capacity 49237K, committed 49408K, reserved 1091584K
  class space    used 6330K, capacity 6816K, committed 6912K, reserved 1048576K
Event: 499.543 GC heap after
Heap after GC invocations=18 (full 4):
 PSYoungGen      total 189440K, used 4997K [0x0000000780980000, 0x000000078d180000, 0x00000007c0000000)
  eden space 175104K, 0% used [0x0000000780980000,0x0000000780980000,0x000000078b480000)
  from space 14336K, 34% used [0x000000078c380000,0x000000078c861450,0x000000078d180000)
  to   space 14848K, 0% used [0x000000078b480000,0x000000078b480000,0x000000078c300000)
 ParOldGen       total 106496K, used 22714K [0x0000000701c00000, 0x0000000708400000, 0x0000000780980000)
  object space 106496K, 21% used [0x0000000701c00000,0x000000070322e9d8,0x0000000708400000)
 Metaspace       used 46575K, capacity 49237K, committed 49408K, reserved 1091584K
  class space    used 6330K, capacity 6816K, committed 6912K, reserved 1048576K
}
Event: 499.543 GC heap before
{Heap before GC invocations=19 (full 5):
 PSYoungGen      total 189440K, used 4997K [0x0000000780980000, 0x000000078d180000, 0x00000007c0000000)
  eden space 175104K, 0% used [0x0000000780980000,0x0000000780980000,0x000000078b480000)
  from space 14336K, 34% used [0x000000078c380000,0x000000078c861450,0x000000078d180000)
  to   space 14848K, 0% used [0x000000078b480000,0x000000078b480000,0x000000078c300000)
 ParOldGen       total 106496K, used 22714K [0x0000000701c00000, 0x0000000708400000, 0x0000000780980000)
  object space 106496K, 21% used [0x0000000701c00000,0x000000070322e9d8,0x0000000708400000)
 Metaspace       used 46575K, capacity 49237K, committed 49408K, reserved 1091584K
  class space    used 6330K, capacity 6816K, committed 6912K, reserved 1048576K
Event: 499.695 GC heap after
Heap after GC invocations=19 (full 5):
 PSYoungGen      total 189440K, used 0K [0x0000000780980000, 0x000000078d180000, 0x00000007c0000000)
  eden space 175104K, 0% used [0x0000000780980000,0x0000000780980000,0x000000078b480000)
  from space 14336K, 0% used [0x000000078c380000,0x000000078c380000,0x000000078d180000)
  to   space 14848K, 0% used [0x000000078b480000,0x000000078b480000,0x000000078c300000)
 ParOldGen       total 106496K, used 24425K [0x0000000701c00000, 0x0000000708400000, 0x0000000780980000)
  object space 106496K, 22% used [0x0000000701c00000,0x00000007033da470,0x0000000708400000)
 Metaspace       used 46561K, capacity 49213K, committed 49408K, reserved 1091584K
  class space    used 6328K, capacity 6811K, committed 6912K, reserved 1048576K
}
Event: 523.883 GC heap before
{Heap before GC invocations=20 (full 5):
 PSYoungGen      total 189440K, used 158019K [0x0000000780980000, 0x000000078d180000, 0x00000007c0000000)
  eden space 175104K, 90% used [0x0000000780980000,0x000000078a3d0e98,0x000000078b480000)
  from space 14336K, 0% used [0x000000078c380000,0x000000078c380000,0x000000078d180000)
  to   space 14848K, 0% used [0x000000078b480000,0x000000078b480000,0x000000078c300000)
 ParOldGen       total 106496K, used 24425K [0x0000000701c00000, 0x0000000708400000, 0x0000000780980000)
  object space 106496K, 22% used [0x0000000701c00000,0x00000007033da470,0x0000000708400000)
 Metaspace       used 46857K, capacity 49621K, committed 49920K, reserved 1091584K
  class space    used 6365K, capacity 6868K, committed 6912K, reserved 1048576K
Event: 523.890 GC heap after
Heap after GC invocations=20 (full 5):
 PSYoungGen      total 189952K, used 4984K [0x0000000780980000, 0x000000078d180000, 0x00000007c0000000)
  eden space 175104K, 0% used [0x0000000780980000,0x0000000780980000,0x000000078b480000)
  from space 14848K, 33% used [0x000000078b480000,0x000000078b95e2d0,0x000000078c300000)
  to   space 14848K, 0% used [0x000000078c300000,0x000000078c300000,0x000000078d180000)
 ParOldGen       total 106496K, used 24433K [0x0000000701c00000, 0x0000000708400000, 0x0000000780980000)
  object space 106496K, 22% used [0x0000000701c00000,0x00000007033dc470,0x0000000708400000)
 Metaspace       used 46857K, capacity 49621K, committed 49920K, reserved 1091584K
  class space    used 6365K, capacity 6868K, committed 6912K, reserved 1048576K
}
Event: 523.890 GC heap before
{Heap before GC invocations=21 (full 6):
 PSYoungGen      total 189952K, used 4984K [0x0000000780980000, 0x000000078d180000, 0x00000007c0000000)
  eden space 175104K, 0% used [0x0000000780980000,0x0000000780980000,0x000000078b480000)
  from space 14848K, 33% used [0x000000078b480000,0x000000078b95e2d0,0x000000078c300000)
  to   space 14848K, 0% used [0x000000078c300000,0x000000078c300000,0x000000078d180000)
 ParOldGen       total 106496K, used 24433K [0x0000000701c00000, 0x0000000708400000, 0x0000000780980000)
  object space 106496K, 22% used [0x0000000701c00000,0x00000007033dc470,0x0000000708400000)
 Metaspace       used 46857K, capacity 49621K, committed 49920K, reserved 1091584K
  class space    used 6365K, capacity 6868K, committed 6912K, reserved 1048576K
Event: 524.012 GC heap after
Heap after GC invocations=21 (full 6):
 PSYoungGen      total 189952K, used 0K [0x0000000780980000, 0x000000078d180000, 0x00000007c0000000)
  eden space 175104K, 0% used [0x0000000780980000,0x0000000780980000,0x000000078b480000)
  from space 14848K, 0% used [0x000000078b480000,0x000000078b480000,0x000000078c300000)
  to   space 14848K, 0% used [0x000000078c300000,0x000000078c300000,0x000000078d180000)
 ParOldGen       total 106496K, used 24686K [0x0000000701c00000, 0x0000000708400000, 0x0000000780980000)
  object space 106496K, 23% used [0x0000000701c00000,0x000000070341b830,0x0000000708400000)
 Metaspace       used 46843K, capacity 49597K, committed 49920K, reserved 1091584K
  class space    used 6363K, capacity 6863K, committed 6912K, reserved 1048576K
}

